<?xml version="1.0" encoding="UTF-8"?>
<!-- Generated by org.testng.reporters.JUnitReportReporter -->
<testsuite hostname="DESKTOP-CDG2P57" failures="0" tests="5" name="selenumprog.Grouptetsing" time="0.011" errors="0" timestamp="2024-02-16T17:15:17 IST" skipped="0">
  <testcase classname="selenumprog.Grouptetsing" name="div" time="0.001"/>
  <system-out/>
  <testcase classname="selenumprog.Grouptetsing" name="sub" time="0.002"/>
  <system-out/>
  <testcase classname="selenumprog.Grouptetsing" name="add" time="0.006"/>
  <system-out/>
  <testcase classname="selenumprog.Grouptetsing" name="mod" time="0.001"/>
  <system-out/>
  <testcase classname="selenumprog.Grouptetsing" name="mult" time="0.001"/>
  <system-out/>
</testsuite> <!-- selenumprog.Grouptetsing -->
