<?xml version="1.0" encoding="UTF-8"?>
<!-- Generated by org.testng.reporters.JUnitReportReporter -->
<testsuite hostname="DESKTOP-CDG2P57" failures="0" tests="3" name="testNGPackage.Grouptst" time="0.008" errors="0" timestamp="2024-02-16T17:29:49 IST" skipped="0">
  <testcase classname="testNGPackage.Grouptst" name="sub" time="0.002"/>
  <system-out/>
  <testcase classname="testNGPackage.Grouptst" name="mod" time="0.001"/>
  <system-out/>
  <testcase classname="testNGPackage.Grouptst" name="add" time="0.005"/>
  <system-out/>
</testsuite> <!-- testNGPackage.Grouptst -->
