<?xml version="1.0" encoding="UTF-8"?>
<!-- Generated by org.testng.reporters.JUnitReportReporter -->
<testsuite hostname="DESKTOP-CDG2P57" failures="0" tests="1" name="testNGPackage.Testngprog4" time="0.002" errors="0" timestamp="2024-02-09T15:26:17 IST" skipped="0">
  <testcase classname="testNGPackage.Testngprog4" name="add4" time="0.002"/>
  <system-out/>
</testsuite> <!-- testNGPackage.Testngprog4 -->
