<?xml version="1.0" encoding="UTF-8"?>
<!-- Generated by org.testng.reporters.JUnitReportReporter -->
<testsuite hostname="DESKTOP-CDG2P57" failures="0" tests="1" name="testNGPackage.Testngprog5" time="6.261" errors="0" timestamp="2024-02-09T15:37:19 IST" skipped="0">
  <testcase classname="testNGPackage.Testngprog5" name="add5" time="6.261"/>
  <system-out/>
</testsuite> <!-- testNGPackage.Testngprog5 -->
