<?xml version="1.0" encoding="UTF-8"?>
<!-- Generated by org.testng.reporters.JUnitReportReporter -->
<testsuite hostname="DESKTOP-CDG2P57" failures="0" tests="1" name="testNGPackage.Testngprog3" time="0.001" errors="0" timestamp="2024-02-09T15:26:17 IST" skipped="0">
  <testcase classname="testNGPackage.Testngprog3" name="add3" time="0.001"/>
  <system-out/>
</testsuite> <!-- testNGPackage.Testngprog3 -->
