<?xml version="1.0" encoding="UTF-8"?>
<!-- Generated by org.testng.reporters.JUnitReportReporter -->
<testsuite hostname="DESKTOP-CDG2P57" failures="0" tests="1" name="testNGPackage.FirsttestNG" time="0.006" errors="0" timestamp="2024-02-09T15:26:17 IST" skipped="0">
  <testcase classname="testNGPackage.FirsttestNG" name="add" time="0.006"/>
  <system-out/>
</testsuite> <!-- testNGPackage.FirsttestNG -->
