<?xml version="1.0" encoding="UTF-8"?>
<!-- Generated by org.testng.reporters.JUnitReportReporter -->
<testsuite hostname="DESKTOP-CDG2P57" failures="0" tests="1" name="testNGPackage.Assertion" time="9.238" errors="0" timestamp="2024-02-23T15:20:30 IST" skipped="0">
  <testcase classname="testNGPackage.Assertion" name="testcase" time="9.238"/>
  <system-out/>
</testsuite> <!-- testNGPackage.Assertion -->
