<?xml version="1.0" encoding="UTF-8"?>
<!-- Generated by org.testng.reporters.JUnitReportReporter -->
<testsuite hostname="DESKTOP-CDG2P57" failures="0" tests="5" name="testNGPackage.Swa100" time="0.013" errors="0" timestamp="2024-02-19T21:42:22 IST" skipped="0">
  <testcase classname="testNGPackage.Swa100" name="method1_for_addition" time="0.008"/>
  <system-out/>
  <testcase classname="testNGPackage.Swa100" name="method1_for_addition" time="0.001"/>
  <system-out/>
  <testcase classname="testNGPackage.Swa100" name="method1_for_addition" time="0.002"/>
  <system-out/>
  <testcase classname="testNGPackage.Swa100" name="method1_for_addition" time="0.001"/>
  <system-out/>
  <testcase classname="testNGPackage.Swa100" name="method1_for_addition" time="0.001"/>
  <system-out/>
</testsuite> <!-- testNGPackage.Swa100 -->
