<?xml version="1.0" encoding="UTF-8"?>
<!-- Generated by org.testng.reporters.JUnitReportReporter -->
<testsuite hostname="DESKTOP-CDG2P57" failures="0" tests="8" name="testNGPackage.Facbook4col" time="30.276" errors="0" timestamp="2024-02-23T15:56:54 IST" skipped="0">
  <testcase classname="testNGPackage.Facbook4col" name="method1_for_facebookreg" time="3.029"/>
  <system-out/>
  <testcase classname="testNGPackage.Facbook4col" name="method1_for_facebookreg" time="2.894"/>
  <system-out/>
  <testcase classname="testNGPackage.Facbook4col" name="method1_for_facebookreg" time="3.029"/>
  <system-out/>
  <testcase classname="testNGPackage.Facbook4col" name="method1_for_facebookreg" time="4.018"/>
  <system-out/>
  <testcase classname="testNGPackage.Facbook4col" name="method1_for_facebookreg" time="7.924"/>
  <system-out/>
  <testcase classname="testNGPackage.Facbook4col" name="method1_for_facebookreg" time="2.969"/>
  <system-out/>
  <testcase classname="testNGPackage.Facbook4col" name="method1_for_facebookreg" time="3.195"/>
  <system-out/>
  <testcase classname="testNGPackage.Facbook4col" name="method1_for_facebookreg" time="3.218"/>
  <system-out/>
</testsuite> <!-- testNGPackage.Facbook4col -->
