<?xml version="1.0" encoding="UTF-8"?>
<!-- Generated by org.testng.reporters.JUnitReportReporter -->
<testsuite hostname="DESKTOP-CDG2P57" failures="0" tests="11" name="testNGPackage.autoationbatch" time="0.032" errors="0" timestamp="2024-02-09T21:53:49 IST" skipped="0">
  <testcase classname="testNGPackage.autoationbatch" name="method1" time="0.001"/>
  <system-out/>
  <testcase classname="testNGPackage.autoationbatch" name="method1" time="0.003"/>
  <system-out/>
  <testcase classname="testNGPackage.autoationbatch" name="method1" time="0.001"/>
  <system-out/>
  <testcase classname="testNGPackage.autoationbatch" name="method1" time="0.002"/>
  <system-out/>
  <testcase classname="testNGPackage.autoationbatch" name="method1" time="0.002"/>
  <system-out/>
  <testcase classname="testNGPackage.autoationbatch" name="method1" time="0.007"/>
  <system-out/>
  <testcase classname="testNGPackage.autoationbatch" name="method1" time="0.011"/>
  <system-out/>
  <testcase classname="testNGPackage.autoationbatch" name="method1" time="0.001"/>
  <system-out/>
  <testcase classname="testNGPackage.autoationbatch" name="method1" time="0.001"/>
  <system-out/>
  <testcase classname="testNGPackage.autoationbatch" name="method1" time="0.002"/>
  <system-out/>
  <testcase classname="testNGPackage.autoationbatch" name="method2" time="0.001"/>
  <system-out/>
</testsuite> <!-- testNGPackage.autoationbatch -->
