<?xml version="1.0" encoding="UTF-8"?>
<!-- Generated by org.testng.reporters.JUnitReportReporter -->
<testsuite hostname="DESKTOP-CDG2P57" failures="0" tests="6" name="testNGPackage.Annotationpriority" time="0.027" errors="0" timestamp="2024-02-09T23:36:55 IST" skipped="0">
  <testcase classname="testNGPackage.Annotationpriority" name="method2" time="0.007"/>
  <system-out/>
  <testcase classname="testNGPackage.Annotationpriority" name="method2" time="0.006"/>
  <system-out/>
  <testcase classname="testNGPackage.Annotationpriority" name="method2" time="0.003"/>
  <system-out/>
  <testcase classname="testNGPackage.Annotationpriority" name="method2" time="0.008"/>
  <system-out/>
  <testcase classname="testNGPackage.Annotationpriority" name="method2" time="0.002"/>
  <system-out/>
  <testcase classname="testNGPackage.Annotationpriority" name="method1" time="0.001"/>
  <system-out/>
</testsuite> <!-- testNGPackage.Annotationpriority -->
