<?xml version="1.0" encoding="UTF-8"?>
<!-- Generated by org.testng.reporters.JUnitReportReporter -->
<testsuite hostname="DESKTOP-CDG2P57" failures="0" tests="5" name="testNGPackage.Dataannotdouble" time="0.019" errors="0" timestamp="2024-02-21T14:46:20 IST" skipped="0">
  <testcase classname="testNGPackage.Dataannotdouble" name="method1_double" time="0.003"/>
  <system-out/>
  <testcase classname="testNGPackage.Dataannotdouble" name="method1_double" time="0.002"/>
  <system-out/>
  <testcase classname="testNGPackage.Dataannotdouble" name="method1_double" time="0.001"/>
  <system-out/>
  <testcase classname="testNGPackage.Dataannotdouble" name="method1_double" time="0.006"/>
  <system-out/>
  <testcase classname="testNGPackage.Dataannotdouble" name="method1_double" time="0.007"/>
  <system-out/>
</testsuite> <!-- testNGPackage.Dataannotdouble -->
