<?xml version="1.0" encoding="UTF-8"?>
<!-- Generated by org.testng.reporters.JUnitReportReporter -->
<testsuite hostname="DESKTOP-CDG2P57" failures="0" tests="2" name="testNGPackage.Unmpwd2d" time="14.909" errors="0" timestamp="2024-02-21T16:32:12 IST" skipped="0">
  <testcase classname="testNGPackage.Unmpwd2d" name="method1_uname_pwd" time="9.881"/>
  <system-out/>
  <testcase classname="testNGPackage.Unmpwd2d" name="method1_uname_pwd" time="5.028"/>
  <system-out/>
</testsuite> <!-- testNGPackage.Unmpwd2d -->
