<?xml version="1.0" encoding="UTF-8"?>
<!-- Generated by org.testng.reporters.JUnitReportReporter -->
<testsuite hostname="DESKTOP-CDG2P57" failures="0" tests="1" name="testNGPackage.Annotation" time="0.010" errors="0" timestamp="2024-02-09T23:36:55 IST" skipped="0">
  <testcase classname="testNGPackage.Annotation" name="testcase1" time="0.010"/>
  <system-out/>
</testsuite> <!-- testNGPackage.Annotation -->
